<?xml version="1.0" encoding="UTF-8"?>
<!-- Generated by org.testng.reporters.JUnitReportReporter -->
<testsuite hostname="94ZQ7BS" name="com.cucumber.framework.runner.Login.LoginRunner" tests="1" failures="0" timestamp="9 Apr 2018 14:11:17 GMT" time="35.000" errors="0">
  <testcase name="feature" time="35.000" classname="com.cucumber.framework.runner.Login.LoginRunner"/>
</testsuite> <!-- com.cucumber.framework.runner.Login.LoginRunner -->
