<?xml version="1.0" encoding="UTF-8"?>
<!-- Generated by org.testng.reporters.JUnitReportReporter -->
<testsuite hostname="94ZQ7BS" name="helpers.RunTest" tests="1" failures="0" timestamp="4 Apr 2018 05:23:41 GMT" time="104.287" errors="0">
  <testcase name="feature" time="104.287" classname="helpers.RunTest"/>
</testsuite> <!-- helpers.RunTest -->
