<?xml version="1.0" encoding="UTF-8"?>
<!-- Generated by org.testng.reporters.JUnitReportReporter -->
<testsuite hostname="94ZQ7BS" name="com.cucumber.framework.runner.WomenProductVerification.WomenProductVerification" tests="1" failures="0" timestamp="12 Apr 2018 05:18:44 GMT" time="0.048" errors="0">
  <testcase name="feature" time="0.048" classname="com.cucumber.framework.runner.WomenProductVerification.WomenProductVerification"/>
</testsuite> <!-- com.cucumber.framework.runner.WomenProductVerification.WomenProductVerification -->
