<?xml version="1.0" encoding="UTF-8"?>
<!-- Generated by org.testng.reporters.JUnitReportReporter -->
<testsuite hostname="94ZQ7BS" name="com.cucumber.framework.runner.Registration.RegistrationRunner" tests="1" failures="0" timestamp="11 Apr 2018 04:37:29 GMT" time="60.761" errors="0">
  <testcase name="feature" time="60.761" classname="com.cucumber.framework.runner.Registration.RegistrationRunner"/>
</testsuite> <!-- com.cucumber.framework.runner.Registration.RegistrationRunner -->
