<?xml version="1.0" encoding="UTF-8"?>
<!-- Generated by org.testng.reporters.JUnitReportReporter -->
<testsuite hostname="94ZQ7BS" name="com.cucumber.framework.runner.WomenProductVerification.WomenProductVerification" tests="1" failures="0" timestamp="13 Apr 2018 14:40:58 GMT" time="82.426" errors="0">
  <testcase name="runCukes" time="82.426" classname="com.cucumber.framework.runner.WomenProductVerification.WomenProductVerification"/>
</testsuite> <!-- com.cucumber.framework.runner.WomenProductVerification.WomenProductVerification -->
