<?xml version="1.0" encoding="UTF-8"?>
<!-- Generated by org.testng.reporters.JUnitReportReporter -->
<testsuite hostname="94ZQ7BS" name="com.cucumber.framework.runner.WomenProductVerification.RunnerWomenProductVerification" tests="1" failures="0" timestamp="16 Apr 2018 12:46:11 GMT" time="24.511" errors="0">
  <testcase name="runCukes" time="24.511" classname="com.cucumber.framework.runner.WomenProductVerification.RunnerWomenProductVerification"/>
</testsuite> <!-- com.cucumber.framework.runner.WomenProductVerification.RunnerWomenProductVerification -->
