<?xml version="1.0" encoding="UTF-8"?>
<!-- Generated by org.testng.reporters.JUnitReportReporter -->
<testsuite hostname="94ZQ7BS" name="com.cucumber.framework.runner.WomenProductVerification.RunnerWomenProductVerification" tests="1" failures="0" timestamp="20 Apr 2018 12:44:51 GMT" time="62.183" errors="0">
  <testcase name="runCukes" time="62.183" classname="com.cucumber.framework.runner.WomenProductVerification.RunnerWomenProductVerification"/>
</testsuite> <!-- com.cucumber.framework.runner.WomenProductVerification.RunnerWomenProductVerification -->
